<?xml version="1.0" encoding="UTF-8"?>
<!-- Generated by org.testng.reporters.JUnitReportReporter -->
<testsuite skipped="0" hostname="LAPTOP-JKVQ8FJ6" name="commonUtils.TestRunner" tests="1" failures="0" timestamp="09 Jun 2022 14:48:31 GMT" time="136.692" errors="0">
  <testcase name="feature" time="136.692" classname="commonUtils.TestRunner"/>
</testsuite> <!-- commonUtils.TestRunner -->
